<?xml version="1.0" encoding="UTF-8"?>
<!-- Generated by org.testng.reporters.JUnitReportReporter -->
<testsuite hostname="SARATH" name="org.learntestng.ClassA" tests="1" failures="0" timestamp="27 Nov 2021 10:21:51 GMT" time="16.492" errors="0">
  <testcase name="tc0" time="16.492" classname="org.learntestng.ClassA"/>
</testsuite> <!-- org.learntestng.ClassA -->
