<?xml version="1.0" encoding="UTF-8"?>
<!-- Generated by org.testng.reporters.JUnitReportReporter -->
<testsuite hostname="SARATH" name="org.learntestng.ClassC" tests="1" failures="0" timestamp="27 Nov 2021 09:45:27 GMT" time="0.003" errors="0">
  <testcase name="mt1" time="0.003" classname="org.learntestng.ClassC"/>
</testsuite> <!-- org.learntestng.ClassC -->
