<?xml version="1.0" encoding="UTF-8"?>
<!-- Generated by org.testng.reporters.JUnitReportReporter -->
<testsuite hostname="SARATH" name="org.learntestng.ClassD" tests="1" failures="0" timestamp="27 Nov 2021 09:45:27 GMT" time="0.004" errors="0">
  <testcase name="mt1" time="0.004" classname="org.learntestng.ClassD"/>
</testsuite> <!-- org.learntestng.ClassD -->
